This is pdfTeX, Version 3.14159265-2.6-1.40.15 (TeX Live 2014) (preloaded format=pdflatex 2014.5.25)  6 OCT 2015 07:53
entering extended mode
 restricted \write18 enabled.
 %&-line parsing enabled.
**CS224N_PA1_jcnnghm.tex
(./CS224N_PA1_jcnnghm.tex
LaTeX2e <2014/05/01>
Babel <3.9k> and hyphenation patterns for 78 languages loaded.
(/usr/local/texlive/2014/texmf-dist/tex/latex/base/article.cls
Document Class: article 2007/10/19 v1.4h Standard LaTeX document class
(/usr/local/texlive/2014/texmf-dist/tex/latex/base/size11.clo
File: size11.clo 2007/10/19 v1.4h Standard LaTeX file (size option)
)
\c@part=\count79
\c@section=\count80
\c@subsection=\count81
\c@subsubsection=\count82
\c@paragraph=\count83
\c@subparagraph=\count84
\c@figure=\count85
\c@table=\count86
\abovecaptionskip=\skip41
\belowcaptionskip=\skip42
\bibindent=\dimen102
) (./acl2015.sty
Conference Style for ACL 2015 -- released December 7, 2014
\titlebox=\skip43
) (/usr/local/texlive/2014/texmf-dist/tex/latex/psnfss/times.sty
Package: times 2005/04/12 PSNFSS-v9.2a (SPQR) 
)
(/usr/local/texlive/2014/texmf-dist/tex/latex/url/url.sty
\Urlmuskip=\muskip10
Package: url 2013/09/16  ver 3.4  Verb mode for urls, etc.
)
(/usr/local/texlive/2014/texmf-dist/tex/latex/base/latexsym.sty
Package: latexsym 1998/08/17 v2.2e Standard LaTeX package (lasy symbols)
\symlasy=\mathgroup4
LaTeX Font Info:    Overwriting symbol font `lasy' in version `bold'
(Font)                  U/lasy/m/n --> U/lasy/b/n on input line 47.
)
No file CS224N_PA1_jcnnghm.aux.
\openout1 = `CS224N_PA1_jcnnghm.aux'.

LaTeX Font Info:    Checking defaults for OML/cmm/m/it on input line 47.
LaTeX Font Info:    ... okay on input line 47.
LaTeX Font Info:    Checking defaults for T1/cmr/m/n on input line 47.
LaTeX Font Info:    ... okay on input line 47.
LaTeX Font Info:    Checking defaults for OT1/cmr/m/n on input line 47.
LaTeX Font Info:    ... okay on input line 47.
LaTeX Font Info:    Checking defaults for OMS/cmsy/m/n on input line 47.
LaTeX Font Info:    ... okay on input line 47.
LaTeX Font Info:    Checking defaults for OMX/cmex/m/n on input line 47.
LaTeX Font Info:    ... okay on input line 47.
LaTeX Font Info:    Checking defaults for U/cmr/m/n on input line 47.
LaTeX Font Info:    ... okay on input line 47.
LaTeX Font Info:    Try loading font information for OT1+ptm on input line 47.
(/usr/local/texlive/2014/texmf-dist/tex/latex/psnfss/ot1ptm.fd
File: ot1ptm.fd 2001/06/04 font definitions for OT1/ptm.
)
LaTeX Font Info:    Font shape `OT1/ptm/bx/n' in size <14.4> not available
(Font)              Font shape `OT1/ptm/b/n' tried instead on input line 48.
LaTeX Font Info:    External font `cmex10' loaded for size
(Font)              <12> on input line 48.
LaTeX Font Info:    External font `cmex10' loaded for size
(Font)              <8> on input line 48.
LaTeX Font Info:    External font `cmex10' loaded for size
(Font)              <6> on input line 48.
LaTeX Font Info:    Try loading font information for U+lasy on input line 48.

(/usr/local/texlive/2014/texmf-dist/tex/latex/base/ulasy.fd
File: ulasy.fd 1998/08/17 v2.2e LaTeX symbol font definitions
)
LaTeX Font Info:    Font shape `OT1/ptm/bx/n' in size <12> not available
(Font)              Font shape `OT1/ptm/b/n' tried instead on input line 48.
LaTeX Font Info:    Try loading font information for OT1+pcr on input line 48.

(/usr/local/texlive/2014/texmf-dist/tex/latex/psnfss/ot1pcr.fd
File: ot1pcr.fd 2001/06/04 font definitions for OT1/pcr.
)
LaTeX Font Info:    Font shape `OT1/ptm/bx/n' in size <10.95> not available
(Font)              Font shape `OT1/ptm/b/n' tried instead on input line 80.
LaTeX Font Info:    External font `cmex10' loaded for size
(Font)              <10.95> on input line 83.

Underfull \hbox (badness 5475) in paragraph at lines 82--85
[]\OT1/ptm/m/n/10.95 We will make more de-tailed in-struc-tions
 []


Underfull \hbox (badness 10000) in paragraph at lines 82--85
\OT1/ptm/m/n/10.95 avail-able at $\OT1/pcr/m/n/10.95 http : / / acl2015 . org /

 []


Underfull \hbox (badness 6493) in paragraph at lines 82--85
\OT1/pcr/m/n/10.95 publication . html$\OT1/ptm/m/n/10.95 . Please check this
 []


LaTeX Warning: Reference `ssec:first' on page 1 undefined on input line 93.


LaTeX Warning: Reference `sec:length' on page 1 undefined on input line 97.

[1{/usr/local/texlive/2014/texmf-var/fonts/map/pdftex/updmap/pdftex.map}



]
Underfull \hbox (badness 10000) in paragraph at lines 145--151
[]\OT1/pcr/m/n/10.95 \special{papersize=210mm,297mm}
 []


Underfull \hbox (badness 7685) in paragraph at lines 145--151
\OT1/ptm/m/n/10.95 in the la-tex pream-ble (di-rectly be-low the
 []


Underfull \hbox (badness 10000) in paragraph at lines 145--151
[]\OT1/pcr/m/n/10.95 \usepackage \OT1/ptm/m/n/10.95 com-mands). Then us-ing
 []

LaTeX Font Info:    Try loading font information for OMS+ptm on input line 167.

(/usr/local/texlive/2014/texmf-dist/tex/latex/psnfss/omsptm.fd
File: omsptm.fd 
)
LaTeX Font Info:    Font shape `OMS/ptm/m/n' in size <10.95> not available
(Font)              Font shape `OMS/cmsy/m/n' tried instead on input line 167.


LaTeX Warning: Reference `font-table' on page 2 undefined on input line 227.

[2]

LaTeX Warning: Citation `Gusfield:97' on page 3 undefined on input line 273.


LaTeX Warning: Citation `Gusfield:97' on page 3 undefined on input line 274.


LaTeX Warning: Citation `Aho:72' on page 3 undefined on input line 276.


LaTeX Warning: Citation `Chandra:81' on page 3 undefined on input line 276.


LaTeX Warning: Citation `Gusfield:97' on page 3 undefined on input line 278.


LaTeX Warning: Citation `Aho:72' on page 3 undefined on input line 278.


LaTeX Warning: Citation `Gusfield:97' on page 3 undefined on input line 281.


LaTeX Warning: Citation `Gusfield:97' on page 3 undefined on input line 285.


LaTeX Warning: Citation `Gusfield:97' on page 3 undefined on input line 295.


LaTeX Warning: Citation `Gusfield:97' on page 3 undefined on input line 299.


LaTeX Warning: Citation `APA:83' on page 3 undefined on input line 314.


LaTeX Warning: Citation `ACM:83' on page 3 undefined on input line 317.


Underfull \hbox (badness 1152) in paragraph at lines 319--322
[]\OT1/ptm/m/n/10.95 The L[]T[]X and BibT[]X style files pro-vided
 []

LaTeX Font Info:    External font `cmex10' loaded for size
(Font)              <9> on input line 331.
LaTeX Font Info:    External font `cmex10' loaded for size
(Font)              <5> on input line 331.

Underfull \hbox (badness 1142) in paragraph at lines 337--342
\OT1/ptm/b/n/10.95 Illustrations\OT1/ptm/m/n/10.95 : Place fig-ures, ta-bles, a
nd pho-
 []

[3]
LaTeX Font Info:    Font shape `OT1/ptm/bx/n' in size <8> not available
(Font)              Font shape `OT1/ptm/b/n' tried instead on input line 349.

Underfull \hbox (badness 1087) in paragraph at lines 359--368
\OT1/ptm/m/n/10.95 bind-ings al-low La-TeXML to ren-der the com-
 []


Underfull \hbox (badness 1466) in paragraph at lines 359--368
\OT1/ptm/m/n/10.95 pack-ages that are of-fi-cially sup-ported by La-
 []

[4] (./CS224N_PA1_jcnnghm.aux)

LaTeX Warning: There were undefined references.


LaTeX Warning: Label(s) may have changed. Rerun to get cross-references right.

 ) 
Here is how much of TeX's memory you used:
 497 strings out of 493117
 6329 string characters out of 6135433
 63811 words of memory out of 5000000
 3988 multiletter control sequences out of 15000+600000
 29759 words of font info for 64 fonts, out of 8000000 for 9000
 1141 hyphenation exceptions out of 8191
 23i,9n,19p,173b,256s stack positions out of 5000i,500n,10000p,200000b,80000s
{/usr/local/texlive/2014/texmf-dist/fonts/enc/dvips/base/8r.enc}</usr/local/t
exlive/2014/texmf-dist/fonts/type1/public/amsfonts/cm/cmsy10.pfb></usr/local/te
xlive/2014/texmf-dist/fonts/type1/urw/courier/ucrr8a.pfb></usr/local/texlive/20
14/texmf-dist/fonts/type1/urw/times/utmb8a.pfb></usr/local/texlive/2014/texmf-d
ist/fonts/type1/urw/times/utmr8a.pfb></usr/local/texlive/2014/texmf-dist/fonts/
type1/urw/times/utmri8a.pfb>
Output written on CS224N_PA1_jcnnghm.pdf (4 pages, 83692 bytes).
PDF statistics:
 38 PDF objects out of 1000 (max. 8388607)
 26 compressed objects within 1 object stream
 0 named destinations out of 1000 (max. 500000)
 1 words of extra memory for PDF output out of 10000 (max. 10000000)

